[2020-10-12T11:35:19.005] [DEBUG] cheese - login => username:admin,password:123456
[2020-10-12T11:35:19.015] [DEBUG] cheese - admin
[2020-10-12T11:35:19.204] [DEBUG] cheese - null
[2020-10-12T11:35:19.205] [DEBUG] cheese - null
[2020-10-12T13:21:58.657] [DEBUG] cheese - login => username:admin,password:123456
[2020-10-12T13:21:58.659] [DEBUG] cheese - admin
[2020-10-12T13:21:59.401] [DEBUG] cheese - null
[2020-10-12T13:21:59.402] [DEBUG] cheese - null
[2020-10-12T13:22:26.515] [DEBUG] cheese - login => username:123,password:23123
[2020-10-12T13:22:26.515] [DEBUG] cheese - 123
[2020-10-12T13:22:26.518] [DEBUG] cheese - null
[2020-10-12T13:22:26.518] [DEBUG] cheese - null
[2020-10-12T13:22:41.984] [DEBUG] cheese - login => username:admin,password:123123
[2020-10-12T13:22:41.985] [DEBUG] cheese - admin
[2020-10-12T13:22:41.987] [DEBUG] cheese - null
[2020-10-12T13:22:41.988] [DEBUG] cheese - null
[2020-10-12T13:22:49.389] [DEBUG] cheese - login => username:admin,password:123456
[2020-10-12T13:22:49.389] [DEBUG] cheese - admin
[2020-10-12T13:22:49.392] [DEBUG] cheese - null
[2020-10-12T13:22:49.392] [DEBUG] cheese - null
[2020-10-12T13:29:09.905] [DEBUG] cheese - login => username:admin,password:123
[2020-10-12T13:29:09.905] [DEBUG] cheese - admin
[2020-10-12T13:29:09.915] [DEBUG] cheese - null
[2020-10-12T13:29:09.915] [DEBUG] cheese - null
[2020-10-12T13:29:17.599] [DEBUG] cheese - login => username:admin,password:123456
[2020-10-12T13:29:17.599] [DEBUG] cheese - admin
[2020-10-12T13:29:17.601] [DEBUG] cheese - null
[2020-10-12T13:29:17.601] [DEBUG] cheese - null
[2020-10-12T13:32:10.543] [DEBUG] cheese - login => username:admin,password:1
[2020-10-12T13:32:10.543] [DEBUG] cheese - admin
[2020-10-12T13:32:10.550] [DEBUG] cheese - null
[2020-10-12T13:32:10.550] [DEBUG] cheese - null
[2020-10-12T13:32:14.687] [DEBUG] cheese - login => username:admin,password:admin
[2020-10-12T13:32:14.687] [DEBUG] cheese - admin
[2020-10-12T13:32:14.690] [DEBUG] cheese - null
[2020-10-12T13:32:14.691] [DEBUG] cheese - null
[2020-10-12T13:32:18.858] [DEBUG] cheese - login => username:admin,password:123456
[2020-10-12T13:32:18.858] [DEBUG] cheese - admin
[2020-10-12T13:32:18.861] [DEBUG] cheese - null
[2020-10-12T13:32:18.861] [DEBUG] cheese - null
[2020-10-19T15:33:30.487] [DEBUG] cheese - login => username:admin,password:123456
[2020-10-19T15:33:30.509] [DEBUG] cheese - admin
[2020-10-19T15:33:30.761] [DEBUG] cheese - null
[2020-10-19T15:33:30.762] [DEBUG] cheese - null
[2020-10-19T15:39:04.849] [DEBUG] cheese - login => username:admin,password:123456
[2020-10-19T15:39:04.849] [DEBUG] cheese - admin
[2020-10-19T15:39:04.888] [DEBUG] cheese - null
[2020-10-19T15:39:04.888] [DEBUG] cheese - null
[2020-10-19T15:39:05.107] [DEBUG] cheese - login => username:admin,password:123456
[2020-10-19T15:39:05.107] [DEBUG] cheese - admin
[2020-10-19T15:39:05.111] [DEBUG] cheese - null
[2020-10-19T15:39:05.111] [DEBUG] cheese - null
[2020-10-19T15:40:21.620] [DEBUG] cheese - login => username:admin,password:123456
[2020-10-19T15:40:21.620] [DEBUG] cheese - admin
[2020-10-19T15:40:21.625] [DEBUG] cheese - null
[2020-10-19T15:40:21.625] [DEBUG] cheese - null
[2020-10-19T15:40:34.251] [DEBUG] cheese - login => username:admin,password:123456
[2020-10-19T15:40:34.251] [DEBUG] cheese - admin
[2020-10-19T15:40:34.255] [DEBUG] cheese - null
[2020-10-19T15:40:34.255] [DEBUG] cheese - null
[2020-10-19T15:40:37.637] [DEBUG] cheese - login => username:admin,password:123456
[2020-10-19T15:40:37.637] [DEBUG] cheese - admin
[2020-10-19T15:40:37.643] [DEBUG] cheese - null
[2020-10-19T15:40:37.643] [DEBUG] cheese - null
[2020-10-19T15:41:02.697] [DEBUG] cheese - login => username:admin,password:123456
[2020-10-19T15:41:02.697] [DEBUG] cheese - admin
[2020-10-19T15:41:02.699] [DEBUG] cheese - null
[2020-10-19T15:41:02.699] [DEBUG] cheese - null
[2020-10-19T15:41:25.187] [DEBUG] cheese - login => username:admin,password:123456
[2020-10-19T15:41:25.187] [DEBUG] cheese - admin
[2020-10-19T15:41:25.193] [DEBUG] cheese - null
[2020-10-19T15:41:25.193] [DEBUG] cheese - null
[2020-10-19T15:43:26.278] [DEBUG] cheese - login => username:admin,password:123456
[2020-10-19T15:43:26.278] [DEBUG] cheese - admin
[2020-10-19T15:43:26.281] [DEBUG] cheese - null
[2020-10-19T15:43:26.281] [DEBUG] cheese - null
[2020-10-19T15:44:35.664] [DEBUG] cheese - login => username:admin,password:123456
[2020-10-19T15:44:35.664] [DEBUG] cheese - admin
[2020-10-19T15:44:35.667] [DEBUG] cheese - null
[2020-10-19T15:44:35.667] [DEBUG] cheese - null
[2020-10-19T16:50:08.225] [DEBUG] cheese - login => username:admin,password:123456
[2020-10-19T16:50:08.225] [DEBUG] cheese - admin
[2020-10-19T16:50:08.252] [DEBUG] cheese - null
[2020-10-19T16:50:08.252] [DEBUG] cheese - null
[2020-10-19T16:50:16.196] [DEBUG] cheese - login => username:admin,password:123456
[2020-10-19T16:50:16.196] [DEBUG] cheese - admin
[2020-10-19T16:50:16.200] [DEBUG] cheese - null
[2020-10-19T16:50:16.201] [DEBUG] cheese - null
[2020-10-19T16:51:47.710] [DEBUG] cheese - login => username:admin,password:123456
[2020-10-19T16:51:47.711] [DEBUG] cheese - admin
[2020-10-19T16:51:47.714] [DEBUG] cheese - null
[2020-10-19T16:51:47.714] [DEBUG] cheese - null
[2020-10-19T16:52:51.490] [DEBUG] cheese - login => username:admin,password:123456
[2020-10-19T16:52:51.490] [DEBUG] cheese - admin
[2020-10-19T16:52:51.494] [DEBUG] cheese - null
[2020-10-19T16:52:51.494] [DEBUG] cheese - null
[2020-10-19T16:53:15.740] [DEBUG] cheese - login => username:admin,password:123456
[2020-10-19T16:53:15.740] [DEBUG] cheese - admin
[2020-10-19T16:53:15.743] [DEBUG] cheese - null
[2020-10-19T16:53:15.743] [DEBUG] cheese - null
[2020-10-19T16:55:18.440] [DEBUG] cheese - login => username:admin,password:123456
[2020-10-19T16:55:18.440] [DEBUG] cheese - admin
[2020-10-19T16:55:18.443] [DEBUG] cheese - null
[2020-10-19T16:55:18.443] [DEBUG] cheese - null
[2020-10-19T16:55:27.732] [DEBUG] cheese - login => username:admin,password:123456
[2020-10-19T16:55:27.732] [DEBUG] cheese - admin
[2020-10-19T16:55:27.735] [DEBUG] cheese - null
[2020-10-19T16:55:27.735] [DEBUG] cheese - null
[2020-10-19T16:55:30.223] [DEBUG] cheese - login => username:admin,password:123456
[2020-10-19T16:55:30.223] [DEBUG] cheese - admin
[2020-10-19T16:55:30.226] [DEBUG] cheese - null
[2020-10-19T16:55:30.226] [DEBUG] cheese - null
[2020-10-19T16:59:32.726] [DEBUG] cheese - login => username:admin,password:123456
[2020-10-19T16:59:32.726] [DEBUG] cheese - admin
[2020-10-19T16:59:32.729] [DEBUG] cheese - null
[2020-10-19T16:59:32.729] [DEBUG] cheese - null
[2020-10-19T17:02:12.498] [DEBUG] cheese - login => username:admin,password:123456
[2020-10-19T17:02:12.498] [DEBUG] cheese - admin
[2020-10-19T17:02:12.501] [DEBUG] cheese - null
[2020-10-19T17:02:12.501] [DEBUG] cheese - null
[2020-10-19T18:00:24.228] [DEBUG] cheese - login => username:admin,password:123456
[2020-10-19T18:00:24.229] [DEBUG] cheese - admin
[2020-10-19T18:00:24.246] [DEBUG] cheese - null
[2020-10-19T18:00:24.246] [DEBUG] cheese - null
[2020-10-19T18:16:49.782] [DEBUG] cheese - login => username:admin,password:123456
[2020-10-19T18:16:49.782] [DEBUG] cheese - admin
[2020-10-19T18:16:49.786] [DEBUG] cheese - null
[2020-10-19T18:16:49.786] [DEBUG] cheese - null
[2020-10-19T18:18:30.269] [DEBUG] cheese - login => username:admin,password:123456
[2020-10-19T18:18:30.269] [DEBUG] cheese - admin
[2020-10-19T18:18:30.273] [DEBUG] cheese - null
[2020-10-19T18:18:30.273] [DEBUG] cheese - null
